<?xml version="1.0" encoding="UTF-8"?>
<testng-results skipped="0" failed="0" ignored="0" total="2" passed="2">
  <reporter-output>
  </reporter-output>
  <suite name="Suite" duration-ms="173" started-at="2020-01-27T06:51:09Z" finished-at="2020-01-27T06:51:09Z">
    <groups>
    </groups>
    <test name="Test" duration-ms="173" started-at="2020-01-27T06:51:09Z" finished-at="2020-01-27T06:51:09Z">
      <class name="com.jbk.LoginTestCase">
        <test-method status="PASS" signature="checkHeading()[pri:0, instance:com.jbk.LoginTestCase@1efbd816]" name="checkHeading" duration-ms="74" started-at="2020-01-27T12:21:09Z" finished-at="2020-01-27T12:21:09Z">
          <reporter-output>
          </reporter-output>
        </test-method> <!-- checkHeading -->
        <test-method status="PASS" signature="checkTitle()[pri:0, instance:com.jbk.LoginTestCase@1efbd816]" name="checkTitle" duration-ms="8" started-at="2020-01-27T12:21:09Z" finished-at="2020-01-27T12:21:09Z">
          <reporter-output>
          </reporter-output>
        </test-method> <!-- checkTitle -->
      </class> <!-- com.jbk.LoginTestCase -->
    </test> <!-- Test -->
  </suite> <!-- Suite -->
</testng-results>
